# JRE version: OpenJDK Runtime Environment Temurin-21.0.9+10 (21.0.9+10) (build 21.0.9+10-LTS)
# Java VM: OpenJDK 64-Bit Server VM Temurin-21.0.9+10 (21.0.9+10-LTS, mixed mode, sharing, tiered, compressed oops, compressed class ptrs, parallel gc, windows-amd64)
GC Precious Log:
 CardTable entry size: 512
 CPUs: 12 total, 12 available
 Memory: 15773M
 Large Page Support: Disabled
 NUMA Support: Disabled
 Compressed Oops: Enabled (32-bit)
 Alignments: Space 512K, Generation 512K, Heap 2M
 Heap Min Capacity: 100M
 Heap Initial Capacity: 100M
 Heap Max Capacity: 2G
 Pre-touch: Disabled
 Parallel Workers: 10
Heap:
 PSYoungGen      total 13312K, used 11956K [0x00000000d5580000, 0x00000000d6880000, 0x0000000100000000)
  eden space 7168K, 88% used [0x00000000d5580000,0x00000000d5bad0b0,0x00000000d5c80000)
  from space 6144K, 91% used [0x00000000d5c80000,0x00000000d6200000,0x00000000d6280000)
  to   space 6144K, 0% used [0x00000000d6280000,0x00000000d6280000,0x00000000d6880000)
 ParOldGen       total 179200K, used 178904K [0x0000000080000000, 0x000000008af00000, 0x00000000d5580000)
  object space 179200K, 99% used [0x0000000080000000,0x000000008aeb6198,0x000000008af00000)
 Metaspace       used 66240K, committed 67904K, reserved 1114112K
  class space    used 6900K, committed 7616K, reserved 1048576K
GC Heap History (20 events):
Event: 36.628 GC heap before
{Heap before GC invocations=81 (full 3):
 PSYoungGen      total 20480K, used 20459K [0x00000000d5580000, 0x00000000d7600000, 0x0000000100000000)
  eden space 17920K, 100% used [0x00000000d5580000,0x00000000d6700000,0x00000000d6700000)
  from space 2560K, 99% used [0x00000000d6700000,0x00000000d697ad50,0x00000000d6980000)
  to   space 7680K, 0% used [0x00000000d6e80000,0x00000000d6e80000,0x00000000d7600000)
 ParOldGen       total 76288K, used 76140K [0x0000000080000000, 0x0000000084a80000, 0x00000000d5580000)
  object space 76288K, 99% used [0x0000000080000000,0x0000000084a5b300,0x0000000084a80000)
 Metaspace       used 64754K, committed 66304K, reserved 1114112K
  class space    used 6783K, committed 7488K, reserved 1048576K
}
Event: 36.636 GC heap after
{Heap after GC invocations=81 (full 3):
 PSYoungGen      total 19968K, used 7668K [0x00000000d5580000, 0x00000000d8100000, 0x0000000100000000)
  eden space 12288K, 0% used [0x00000000d5580000,0x00000000d5580000,0x00000000d6180000)
  from space 7680K, 99% used [0x00000000d6e80000,0x00000000d75fd2b8,0x00000000d7600000)
  to   space 13312K, 0% used [0x00000000d6180000,0x00000000d6180000,0x00000000d6e80000)
 ParOldGen       total 80384K, used 80253K [0x0000000080000000, 0x0000000084e80000, 0x00000000d5580000)
  object space 80384K, 99% used [0x0000000080000000,0x0000000084e5f560,0x0000000084e80000)
 Metaspace       used 64754K, committed 66304K, reserved 1114112K
  class space    used 6783K, committed 7488K, reserved 1048576K
}
Event: 36.807 GC heap before
{Heap before GC invocations=82 (full 3):
 PSYoungGen      total 19968K, used 19954K [0x00000000d5580000, 0x00000000d8100000, 0x0000000100000000)
  eden space 12288K, 99% used [0x00000000d5580000,0x00000000d617f8a0,0x00000000d6180000)
  from space 7680K, 99% used [0x00000000d6e80000,0x00000000d75fd2b8,0x00000000d7600000)
  to   space 13312K, 0% used [0x00000000d6180000,0x00000000d6180000,0x00000000d6e80000)
 ParOldGen       total 80384K, used 80253K [0x0000000080000000, 0x0000000084e80000, 0x00000000d5580000)
  object space 80384K, 99% used [0x0000000080000000,0x0000000084e5f560,0x0000000084e80000)
 Metaspace       used 65096K, committed 66688K, reserved 1114112K
  class space    used 6819K, committed 7552K, reserved 1048576K
}
Event: 36.814 GC heap after
{Heap after GC invocations=82 (full 3):
 PSYoungGen      total 16384K, used 3844K [0x00000000d5580000, 0x00000000d6f80000, 0x0000000100000000)
  eden space 12288K, 0% used [0x00000000d5580000,0x00000000d5580000,0x00000000d6180000)
  from space 4096K, 93% used [0x00000000d6180000,0x00000000d65413a0,0x00000000d6580000)
  to   space 7168K, 0% used [0x00000000d6880000,0x00000000d6880000,0x00000000d6f80000)
 ParOldGen       total 87552K, used 87052K [0x0000000080000000, 0x0000000085580000, 0x00000000d5580000)
  object space 87552K, 99% used [0x0000000080000000,0x00000000855030c8,0x0000000085580000)
 Metaspace       used 65096K, committed 66688K, reserved 1114112K
  class space    used 6819K, committed 7552K, reserved 1048576K
}
Event: 37.239 GC heap before
{Heap before GC invocations=83 (full 3):
 PSYoungGen      total 16384K, used 16132K [0x00000000d5580000, 0x00000000d6f80000, 0x0000000100000000)
  eden space 12288K, 100% used [0x00000000d5580000,0x00000000d6180000,0x00000000d6180000)
  from space 4096K, 93% used [0x00000000d6180000,0x00000000d65413a0,0x00000000d6580000)
  to   space 7168K, 0% used [0x00000000d6880000,0x00000000d6880000,0x00000000d6f80000)
 ParOldGen       total 89088K, used 88824K [0x0000000080000000, 0x0000000085700000, 0x00000000d5580000)
  object space 89088K, 99% used [0x0000000080000000,0x00000000856be218,0x0000000085700000)
 Metaspace       used 65325K, committed 66880K, reserved 1114112K
  class space    used 6842K, committed 7552K, reserved 1048576K
}
Event: 37.244 GC heap after
{Heap after GC invocations=83 (full 3):
 PSYoungGen      total 13824K, used 1493K [0x00000000d5580000, 0x00000000d6a00000, 0x0000000100000000)
  eden space 12288K, 0% used [0x00000000d5580000,0x00000000d5580000,0x00000000d6180000)
  from space 1536K, 97% used [0x00000000d6880000,0x00000000d69f55c0,0x00000000d6a00000)
  to   space 3072K, 0% used [0x00000000d6400000,0x00000000d6400000,0x00000000d6700000)
 ParOldGen       total 91136K, used 90945K [0x0000000080000000, 0x0000000085900000, 0x00000000d5580000)
  object space 91136K, 99% used [0x0000000080000000,0x00000000858d05a8,0x0000000085900000)
 Metaspace       used 65325K, committed 66880K, reserved 1114112K
  class space    used 6842K, committed 7552K, reserved 1048576K
}
Event: 38.189 GC heap before
{Heap before GC invocations=84 (full 3):
 PSYoungGen      total 13824K, used 13781K [0x00000000d5580000, 0x00000000d6a00000, 0x0000000100000000)
  eden space 12288K, 100% used [0x00000000d5580000,0x00000000d6180000,0x00000000d6180000)
  from space 1536K, 97% used [0x00000000d6880000,0x00000000d69f55c0,0x00000000d6a00000)
  to   space 3072K, 0% used [0x00000000d6400000,0x00000000d6400000,0x00000000d6700000)
 ParOldGen       total 147456K, used 146235K [0x0000000080000000, 0x0000000089000000, 0x00000000d5580000)
  object space 147456K, 99% used [0x0000000080000000,0x0000000088ecee80,0x0000000089000000)
 Metaspace       used 65907K, committed 67520K, reserved 1114112K
  class space    used 6884K, committed 7552K, reserved 1048576K
}
Event: 38.192 GC heap after
{Heap after GC invocations=84 (full 3):
 PSYoungGen      total 15360K, used 1176K [0x00000000d5580000, 0x00000000d6900000, 0x0000000100000000)
  eden space 12288K, 0% used [0x00000000d5580000,0x00000000d5580000,0x00000000d6180000)
  from space 3072K, 38% used [0x00000000d6400000,0x00000000d65263b0,0x00000000d6700000)
  to   space 1536K, 0% used [0x00000000d6780000,0x00000000d6780000,0x00000000d6900000)
 ParOldGen       total 147456K, used 147317K [0x0000000080000000, 0x0000000089000000, 0x00000000d5580000)
  object space 147456K, 99% used [0x0000000080000000,0x0000000088fdd770,0x0000000089000000)
 Metaspace       used 65907K, committed 67520K, reserved 1114112K
  class space    used 6884K, committed 7552K, reserved 1048576K
}
Event: 38.307 GC heap before
{Heap before GC invocations=85 (full 3):
 PSYoungGen      total 15360K, used 13464K [0x00000000d5580000, 0x00000000d6900000, 0x0000000100000000)
  eden space 12288K, 100% used [0x00000000d5580000,0x00000000d6180000,0x00000000d6180000)
  from space 3072K, 38% used [0x00000000d6400000,0x00000000d65263b0,0x00000000d6700000)
  to   space 1536K, 0% used [0x00000000d6780000,0x00000000d6780000,0x00000000d6900000)
 ParOldGen       total 147456K, used 147317K [0x0000000080000000, 0x0000000089000000, 0x00000000d5580000)
  object space 147456K, 99% used [0x0000000080000000,0x0000000088fdd770,0x0000000089000000)
 Metaspace       used 65909K, committed 67520K, reserved 1114112K
  class space    used 6885K, committed 7552K, reserved 1048576K
}
Event: 38.315 GC heap after
{Heap after GC invocations=85 (full 3):
 PSYoungGen      total 8704K, used 1536K [0x00000000d5580000, 0x00000000d7780000, 0x0000000100000000)
  eden space 7168K, 0% used [0x00000000d5580000,0x00000000d5580000,0x00000000d5c80000)
  from space 1536K, 100% used [0x00000000d6780000,0x00000000d6900000,0x00000000d6900000)
  to   space 11264K, 0% used [0x00000000d5c80000,0x00000000d5c80000,0x00000000d6780000)
 ParOldGen       total 155648K, used 155312K [0x0000000080000000, 0x0000000089800000, 0x00000000d5580000)
  object space 155648K, 99% used [0x0000000080000000,0x00000000897ac198,0x0000000089800000)
 Metaspace       used 65909K, committed 67520K, reserved 1114112K
  class space    used 6885K, committed 7552K, reserved 1048576K
}
Event: 38.343 GC heap before
{Heap before GC invocations=86 (full 3):
 PSYoungGen      total 8704K, used 8704K [0x00000000d5580000, 0x00000000d7780000, 0x0000000100000000)
  eden space 7168K, 100% used [0x00000000d5580000,0x00000000d5c80000,0x00000000d5c80000)
  from space 1536K, 100% used [0x00000000d6780000,0x00000000d6900000,0x00000000d6900000)
  to   space 11264K, 0% used [0x00000000d5c80000,0x00000000d5c80000,0x00000000d6780000)
 ParOldGen       total 155648K, used 155312K [0x0000000080000000, 0x0000000089800000, 0x00000000d5580000)
  object space 155648K, 99% used [0x0000000080000000,0x00000000897ac198,0x0000000089800000)
 Metaspace       used 65909K, committed 67520K, reserved 1114112K
  class space    used 6885K, committed 7552K, reserved 1048576K
}
Event: 38.350 GC heap after
{Heap after GC invocations=86 (full 3):
 PSYoungGen      total 12800K, used 5536K [0x00000000d5580000, 0x00000000d6a80000, 0x0000000100000000)
  eden space 7168K, 0% used [0x00000000d5580000,0x00000000d5580000,0x00000000d5c80000)
  from space 5632K, 98% used [0x00000000d5c80000,0x00000000d61e8000,0x00000000d6200000)
  to   space 7168K, 0% used [0x00000000d6380000,0x00000000d6380000,0x00000000d6a80000)
 ParOldGen       total 157184K, used 156888K [0x0000000080000000, 0x0000000089980000, 0x00000000d5580000)
  object space 157184K, 99% used [0x0000000080000000,0x0000000089936198,0x0000000089980000)
 Metaspace       used 65909K, committed 67520K, reserved 1114112K
  class space    used 6885K, committed 7552K, reserved 1048576K
}
Event: 38.386 GC heap before
{Heap before GC invocations=87 (full 3):
 PSYoungGen      total 12800K, used 12704K [0x00000000d5580000, 0x00000000d6a80000, 0x0000000100000000)
  eden space 7168K, 100% used [0x00000000d5580000,0x00000000d5c80000,0x00000000d5c80000)
  from space 5632K, 98% used [0x00000000d5c80000,0x00000000d61e8000,0x00000000d6200000)
  to   space 7168K, 0% used [0x00000000d6380000,0x00000000d6380000,0x00000000d6a80000)
 ParOldGen       total 157184K, used 156888K [0x0000000080000000, 0x0000000089980000, 0x00000000d5580000)
  object space 157184K, 99% used [0x0000000080000000,0x0000000089936198,0x0000000089980000)
 Metaspace       used 65909K, committed 67520K, reserved 1114112K
  class space    used 6885K, committed 7552K, reserved 1048576K
}
Event: 38.391 GC heap after
{Heap after GC invocations=87 (full 3):
 PSYoungGen      total 13312K, used 5696K [0x00000000d5580000, 0x00000000d6980000, 0x0000000100000000)
  eden space 7168K, 0% used [0x00000000d5580000,0x00000000d5580000,0x00000000d5c80000)
  from space 6144K, 92% used [0x00000000d6380000,0x00000000d6910000,0x00000000d6980000)
  to   space 6144K, 0% used [0x00000000d5d80000,0x00000000d5d80000,0x00000000d6380000)
 ParOldGen       total 162816K, used 162328K [0x0000000080000000, 0x0000000089f00000, 0x00000000d5580000)
  object space 162816K, 99% used [0x0000000080000000,0x0000000089e86198,0x0000000089f00000)
 Metaspace       used 65909K, committed 67520K, reserved 1114112K
  class space    used 6885K, committed 7552K, reserved 1048576K
}
Event: 38.451 GC heap before
{Heap before GC invocations=88 (full 3):
 PSYoungGen      total 13312K, used 12864K [0x00000000d5580000, 0x00000000d6980000, 0x0000000100000000)
  eden space 7168K, 100% used [0x00000000d5580000,0x00000000d5c80000,0x00000000d5c80000)
  from space 6144K, 92% used [0x00000000d6380000,0x00000000d6910000,0x00000000d6980000)
  to   space 6144K, 0% used [0x00000000d5d80000,0x00000000d5d80000,0x00000000d6380000)
 ParOldGen       total 162816K, used 162328K [0x0000000080000000, 0x0000000089f00000, 0x00000000d5580000)
  object space 162816K, 99% used [0x0000000080000000,0x0000000089e86198,0x0000000089f00000)
 Metaspace       used 65909K, committed 67520K, reserved 1114112K
  class space    used 6885K, committed 7552K, reserved 1048576K
}
Event: 38.457 GC heap after
{Heap after GC invocations=88 (full 3):
 PSYoungGen      total 12800K, used 5600K [0x00000000d5580000, 0x00000000d6880000, 0x0000000100000000)
  eden space 7168K, 0% used [0x00000000d5580000,0x00000000d5580000,0x00000000d5c80000)
  from space 5632K, 99% used [0x00000000d5d80000,0x00000000d62f8000,0x00000000d6300000)
  to   space 5632K, 0% used [0x00000000d6300000,0x00000000d6300000,0x00000000d6880000)
 ParOldGen       total 167936K, used 167864K [0x0000000080000000, 0x000000008a400000, 0x00000000d5580000)
  object space 167936K, 99% used [0x0000000080000000,0x000000008a3ee198,0x000000008a400000)
 Metaspace       used 65909K, committed 67520K, reserved 1114112K
  class space    used 6885K, committed 7552K, reserved 1048576K
}
Event: 38.481 GC heap before
{Heap before GC invocations=89 (full 3):
 PSYoungGen      total 12800K, used 12768K [0x00000000d5580000, 0x00000000d6880000, 0x0000000100000000)
  eden space 7168K, 100% used [0x00000000d5580000,0x00000000d5c80000,0x00000000d5c80000)
  from space 5632K, 99% used [0x00000000d5d80000,0x00000000d62f8000,0x00000000d6300000)
  to   space 5632K, 0% used [0x00000000d6300000,0x00000000d6300000,0x00000000d6880000)
 ParOldGen       total 167936K, used 167864K [0x0000000080000000, 0x000000008a400000, 0x00000000d5580000)
  object space 167936K, 99% used [0x0000000080000000,0x000000008a3ee198,0x000000008a400000)
 Metaspace       used 65909K, committed 67520K, reserved 1114112K
  class space    used 6885K, committed 7552K, reserved 1048576K
}
Event: 38.488 GC heap after
{Heap after GC invocations=89 (full 3):
 PSYoungGen      total 12800K, used 5632K [0x00000000d5580000, 0x00000000d6880000, 0x0000000100000000)
  eden space 7168K, 0% used [0x00000000d5580000,0x00000000d5580000,0x00000000d5c80000)
  from space 5632K, 100% used [0x00000000d6300000,0x00000000d6880000,0x00000000d6880000)
  to   space 6144K, 0% used [0x00000000d5c80000,0x00000000d5c80000,0x00000000d6280000)
 ParOldGen       total 173568K, used 173368K [0x0000000080000000, 0x000000008a980000, 0x00000000d5580000)
  object space 173568K, 99% used [0x0000000080000000,0x000000008a94e198,0x000000008a980000)
 Metaspace       used 65909K, committed 67520K, reserved 1114112K
  class space    used 6885K, committed 7552K, reserved 1048576K
}
Event: 38.506 GC heap before
{Heap before GC invocations=90 (full 3):
 PSYoungGen      total 12800K, used 12800K [0x00000000d5580000, 0x00000000d6880000, 0x0000000100000000)
  eden space 7168K, 100% used [0x00000000d5580000,0x00000000d5c80000,0x00000000d5c80000)
  from space 5632K, 100% used [0x00000000d6300000,0x00000000d6880000,0x00000000d6880000)
  to   space 6144K, 0% used [0x00000000d5c80000,0x00000000d5c80000,0x00000000d6280000)
 ParOldGen       total 173568K, used 173368K [0x0000000080000000, 0x000000008a980000, 0x00000000d5580000)
  object space 173568K, 99% used [0x0000000080000000,0x000000008a94e198,0x000000008a980000)
 Metaspace       used 65909K, committed 67520K, reserved 1114112K
  class space    used 6885K, committed 7552K, reserved 1048576K
}
Event: 38.511 GC heap after
{Heap after GC invocations=90 (full 3):
 PSYoungGen      total 13312K, used 5632K [0x00000000d5580000, 0x00000000d6880000, 0x0000000100000000)
  eden space 7168K, 0% used [0x00000000d5580000,0x00000000d5580000,0x00000000d5c80000)
  from space 6144K, 91% used [0x00000000d5c80000,0x00000000d6200000,0x00000000d6280000)
  to   space 6144K, 0% used [0x00000000d6280000,0x00000000d6280000,0x00000000d6880000)
 ParOldGen       total 179200K, used 178904K [0x0000000080000000, 0x000000008af00000, 0x00000000d5580000)
  object space 179200K, 99% used [0x0000000080000000,0x000000008aeb6198,0x000000008af00000)
 Metaspace       used 65909K, committed 67520K, reserved 1114112K
  class space    used 6885K, committed 7552K, reserved 1048576K
}

