# JRE version: Java(TM) SE Runtime Environment (21.0.7+8) (build 21.0.7+8-LTS-245)
# Java VM: Java HotSpot(TM) 64-Bit Server VM (21.0.7+8-LTS-245, mixed mode, sharing, tiered, compressed oops, compressed class ptrs, g1 gc, windows-amd64)
GC Precious Log:
 CardTable entry size: 512
 Card Set container configuration: InlinePtr #cards 4 size 8 Array Of Cards #cards 16 size 48 Howl #buckets 8 coarsen threshold 3686 Howl Bitmap #cards 512 size 80 coarsen threshold 460 Card regions per heap region 1 cards per card region 4096
 CPUs: 12 total, 12 available
 Memory: 15773M
 Large Page Support: Disabled
 NUMA Support: Disabled
 Compressed Oops: Enabled (Zero based)
 Heap Region Size: 2M
 Heap Min Capacity: 8M
 Heap Initial Capacity: 248M
 Heap Max Capacity: 3944M
 Pre-touch: Disabled
 Parallel Workers: 10
 Concurrent Workers: 3
 Concurrent Refinement Workers: 10
 Periodic GC: Disabled
Heap:
 garbage-first heap   total 81920K, used 42464K [0x0000000709800000, 0x0000000800000000)
  region size 2048K, 6 young (12288K), 2 survivors (4096K)
 Metaspace       used 80874K, committed 81728K, reserved 1179648K
  class space    used 10814K, committed 11200K, reserved 1048576K
GC Heap History (20 events):
Event: 1.632 GC heap before
{Heap before GC invocations=4 (full 0):
 garbage-first heap   total 55296K, used 39866K [0x0000000709800000, 0x0000000800000000)
  region size 2048K, 16 young (32768K), 3 survivors (6144K)
 Metaspace       used 24480K, committed 24960K, reserved 1114112K
  class space    used 3105K, committed 3328K, reserved 1048576K
}
Event: 1.638 GC heap after
{Heap after GC invocations=5 (full 0):
 garbage-first heap   total 55296K, used 16272K [0x0000000709800000, 0x0000000800000000)
  region size 2048K, 2 young (4096K), 2 survivors (4096K)
 Metaspace       used 24480K, committed 24960K, reserved 1114112K
  class space    used 3105K, committed 3328K, reserved 1048576K
}
Event: 2.067 GC heap before
{Heap before GC invocations=5 (full 0):
 garbage-first heap   total 55296K, used 36752K [0x0000000709800000, 0x0000000800000000)
  region size 2048K, 13 young (26624K), 2 survivors (4096K)
 Metaspace       used 28187K, committed 28672K, reserved 1114112K
  class space    used 3617K, committed 3840K, reserved 1048576K
}
Event: 2.073 GC heap after
{Heap after GC invocations=6 (full 0):
 garbage-first heap   total 55296K, used 17481K [0x0000000709800000, 0x0000000800000000)
  region size 2048K, 1 young (2048K), 1 survivors (2048K)
 Metaspace       used 28187K, committed 28672K, reserved 1114112K
  class space    used 3617K, committed 3840K, reserved 1048576K
}
Event: 2.513 GC heap before
{Heap before GC invocations=6 (full 0):
 garbage-first heap   total 55296K, used 42057K [0x0000000709800000, 0x0000000800000000)
  region size 2048K, 13 young (26624K), 1 survivors (2048K)
 Metaspace       used 33196K, committed 33728K, reserved 1114112K
  class space    used 4279K, committed 4544K, reserved 1048576K
}
Event: 2.518 GC heap after
{Heap after GC invocations=7 (full 0):
 garbage-first heap   total 55296K, used 19909K [0x0000000709800000, 0x0000000800000000)
  region size 2048K, 2 young (4096K), 2 survivors (4096K)
 Metaspace       used 33196K, committed 33728K, reserved 1114112K
  class space    used 4279K, committed 4544K, reserved 1048576K
}
Event: 2.749 GC heap before
{Heap before GC invocations=7 (full 0):
 garbage-first heap   total 55296K, used 30149K [0x0000000709800000, 0x0000000800000000)
  region size 2048K, 8 young (16384K), 2 survivors (4096K)
 Metaspace       used 35459K, committed 35968K, reserved 1114112K
  class space    used 4535K, committed 4800K, reserved 1048576K
}
Event: 2.752 GC heap after
{Heap after GC invocations=8 (full 0):
 garbage-first heap   total 155648K, used 21977K [0x0000000709800000, 0x0000000800000000)
  region size 2048K, 1 young (2048K), 1 survivors (2048K)
 Metaspace       used 35459K, committed 35968K, reserved 1114112K
  class space    used 4535K, committed 4800K, reserved 1048576K
}
Event: 3.772 GC heap before
{Heap before GC invocations=9 (full 0):
 garbage-first heap   total 81920K, used 67033K [0x0000000709800000, 0x0000000800000000)
  region size 2048K, 24 young (49152K), 1 survivors (2048K)
 Metaspace       used 50493K, committed 51200K, reserved 1114112K
  class space    used 6519K, committed 6848K, reserved 1048576K
}
Event: 3.775 GC heap after
{Heap after GC invocations=10 (full 0):
 garbage-first heap   total 81920K, used 25395K [0x0000000709800000, 0x0000000800000000)
  region size 2048K, 3 young (6144K), 3 survivors (6144K)
 Metaspace       used 50493K, committed 51200K, reserved 1114112K
  class space    used 6519K, committed 6848K, reserved 1048576K
}
Event: 4.239 GC heap before
{Heap before GC invocations=10 (full 0):
 garbage-first heap   total 81920K, used 56115K [0x0000000709800000, 0x0000000800000000)
  region size 2048K, 19 young (38912K), 3 survivors (6144K)
 Metaspace       used 59748K, committed 60416K, reserved 1114112K
  class space    used 7854K, committed 8192K, reserved 1048576K
}
Event: 4.242 GC heap after
{Heap after GC invocations=11 (full 0):
 garbage-first heap   total 81920K, used 26857K [0x0000000709800000, 0x0000000800000000)
  region size 2048K, 1 young (2048K), 1 survivors (2048K)
 Metaspace       used 59748K, committed 60416K, reserved 1114112K
  class space    used 7854K, committed 8192K, reserved 1048576K
}
Event: 4.259 GC heap before
{Heap before GC invocations=11 (full 0):
 garbage-first heap   total 81920K, used 26857K [0x0000000709800000, 0x0000000800000000)
  region size 2048K, 2 young (4096K), 1 survivors (2048K)
 Metaspace       used 60117K, committed 60736K, reserved 1114112K
  class space    used 7914K, committed 8192K, reserved 1048576K
}
Event: 4.260 GC heap after
{Heap after GC invocations=12 (full 0):
 garbage-first heap   total 81920K, used 26677K [0x0000000709800000, 0x0000000800000000)
  region size 2048K, 1 young (2048K), 1 survivors (2048K)
 Metaspace       used 60117K, committed 60736K, reserved 1114112K
  class space    used 7914K, committed 8192K, reserved 1048576K
}
Event: 4.834 GC heap before
{Heap before GC invocations=13 (full 0):
 garbage-first heap   total 81920K, used 69685K [0x0000000709800000, 0x0000000800000000)
  region size 2048K, 22 young (45056K), 1 survivors (2048K)
 Metaspace       used 68249K, committed 68992K, reserved 1114112K
  class space    used 9077K, committed 9408K, reserved 1048576K
}
Event: 4.836 GC heap after
{Heap after GC invocations=14 (full 0):
 garbage-first heap   total 81920K, used 29694K [0x0000000709800000, 0x0000000800000000)
  region size 2048K, 3 young (6144K), 3 survivors (6144K)
 Metaspace       used 68249K, committed 68992K, reserved 1114112K
  class space    used 9077K, committed 9408K, reserved 1048576K
}
Event: 5.272 GC heap before
{Heap before GC invocations=14 (full 0):
 garbage-first heap   total 81920K, used 68606K [0x0000000709800000, 0x0000000800000000)
  region size 2048K, 22 young (45056K), 3 survivors (6144K)
 Metaspace       used 71981K, committed 72768K, reserved 1114112K
  class space    used 9626K, committed 9984K, reserved 1048576K
}
Event: 5.276 GC heap after
{Heap after GC invocations=15 (full 0):
 garbage-first heap   total 81920K, used 32344K [0x0000000709800000, 0x0000000800000000)
  region size 2048K, 3 young (6144K), 3 survivors (6144K)
 Metaspace       used 71981K, committed 72768K, reserved 1114112K
  class space    used 9626K, committed 9984K, reserved 1048576K
}
Event: 743.398 GC heap before
{Heap before GC invocations=15 (full 0):
 garbage-first heap   total 81920K, used 69208K [0x0000000709800000, 0x0000000800000000)
  region size 2048K, 22 young (45056K), 3 survivors (6144K)
 Metaspace       used 80403K, committed 81216K, reserved 1179648K
  class space    used 10798K, committed 11136K, reserved 1048576K
}
Event: 743.443 GC heap after
{Heap after GC invocations=16 (full 0):
 garbage-first heap   total 81920K, used 36320K [0x0000000709800000, 0x0000000800000000)
  region size 2048K, 2 young (4096K), 2 survivors (4096K)
 Metaspace       used 80403K, committed 81216K, reserved 1179648K
  class space    used 10798K, committed 11136K, reserved 1048576K
}

